<?xml version="1.0" encoding="UTF-8"?>
<testsuite xmlns:xsi="http://www.w3.org/2001/XMLSchema-instance" xsi:noNamespaceSchemaLocation="https://maven.apache.org/surefire/maven-surefire-plugin/xsd/surefire-test-report-3.0.xsd" version="3.0" name="MicroOrganismosTest" time="0.125" tests="16" errors="0" skipped="0" failures="2">
  <properties>
[...]
</properties>
  <testcase name="TestIrALugares(String)[1]" classname="MicroOrganismosTest" time="0.035"/>
  <testcase name="TestIrALugares(String)[2]" classname="MicroOrganismosTest" time="0">
    <failure type="java.lang.AssertionError"><![CDATA[java.lang.AssertionError: expected:<true> but was:<false>
	at MicroOrganismosTest.TestIrALugares(MicroOrganismosTest.java:24)
]]></failure>
    <system-out><![CDATA[ElMicroDePrueba Esta en higado Con 0vidas
]]></system-out>
  </testcase>
  <testcase name="TestIrALugares(String)[3]" classname="MicroOrganismosTest" time="0"/>
  <testcase name="TestIrALugares(String)[4]" classname="MicroOrganismosTest" time="0.01">
    <failure type="java.lang.AssertionError"><![CDATA[java.lang.AssertionError: expected:<true> but was:<false>
	at MicroOrganismosTest.TestIrALugares(MicroOrganismosTest.java:24)
]]></failure>
    <system-out><![CDATA[ElMicroDePrueba Esta en higado Con 0vidas
]]></system-out>
  </testcase>
  <testcase name="TestIrALugares(String)[5]" classname="MicroOrganismosTest" time="0"/>
  <testcase name="TestIrOrgano" classname="MicroOrganismosTest" time="0"/>
  <testcase name="TestBajarVida" classname="MicroOrganismosTest" time="0"/>
  <testcase name="TestBajarVida" classname="MicroOrganismosTest" time="0"/>
  <testcase name="TestBajarVida" classname="MicroOrganismosTest" time="0.002"/>
  <testcase name="TestBajarVida" classname="MicroOrganismosTest" time="0"/>
  <testcase name="TestBajarVida" classname="MicroOrganismosTest" time="0.005"/>
  <testcase name="TestBajarVida" classname="MicroOrganismosTest" time="0"/>
  <testcase name="TestBajarVida" classname="MicroOrganismosTest" time="0"/>
  <testcase name="TestBajarVida" classname="MicroOrganismosTest" time="0"/>
  <testcase name="TestBajarVida" classname="MicroOrganismosTest" time="0"/>
  <testcase name="TestBajarVida" classname="MicroOrganismosTest" time="0.005"/>
</testsuite>